SF:lib/search/view/search_page.dart
DA:4,2
DA:6,1
DA:7,3
DA:10,1
DA:11,1
DA:17,3
DA:19,1
DA:21,2
DA:22,1
DA:25,1
DA:27,1
DA:28,1
DA:29,1
DA:30,1
DA:31,1
DA:32,1
DA:34,1
DA:35,1
DA:43,1
DA:46,4
LF:20
LH:20
end_of_record
SF:lib/settings/view/settings_page.dart
DA:7,1
DA:8,1
DA:9,2
DA:11,1
DA:16,1
DA:18,1
DA:19,1
DA:20,1
DA:21,1
DA:22,1
DA:23,1
DA:24,3
DA:25,1
DA:26,1
DA:32,1
DA:33,2
DA:34,3
LF:17
LH:17
end_of_record
SF:lib/theme/cubit/theme_cubit.dart
DA:6,2
DA:10,1
DA:11,2
DA:14,1
DA:16,3
DA:19,1
DA:21,3
DA:26,1
DA:27,1
DA:28,1
DA:30,1
DA:32,1
DA:34,1
LF:13
LH:13
end_of_record
SF:lib/weather/cubit/weather_state.dart
DA:3,6
DA:6,2
DA:7,2
DA:8,4
DA:9,2
DA:19,2
DA:23,2
DA:25,1
DA:26,1
DA:28,1
DA:33,1
DA:34,1
DA:35,1
DA:36,1
DA:40,2
DA:42,1
DA:43,4
LF:17
LH:17
end_of_record
SF:lib/weather/cubit/weather_cubit.g.dart
DA:9,1
DA:10,1
DA:13,1
DA:14,1
DA:15,1
DA:17,1
DA:18,1
DA:20,1
DA:22,1
DA:23,1
DA:25,1
DA:27,1
DA:29,1
DA:36,1
DA:37,1
DA:38,2
DA:39,2
DA:40,2
LF:18
LH:18
end_of_record
SF:lib/weather/cubit/weather_cubit.dart
DA:12,3
DA:16,1
DA:17,1
DA:19,3
DA:22,1
DA:23,3
DA:25,2
DA:26,1
DA:27,3
DA:28,2
DA:30,1
DA:31,2
DA:34,2
DA:37,1
DA:38,3
DA:42,1
DA:43,3
DA:44,4
DA:46,1
DA:47,6
DA:49,2
DA:50,1
DA:51,3
DA:52,2
DA:54,1
DA:55,2
DA:58,2
DA:61,1
DA:62,2
DA:66,1
DA:67,3
DA:71,3
DA:72,3
DA:76,2
DA:77,2
DA:78,1
DA:79,1
DA:80,2
DA:81,2
DA:82,1
DA:83,2
DA:85,2
DA:91,1
DA:93,1
DA:95,1
DA:96,1
DA:100,4
DA:101,4
LF:48
LH:48
end_of_record
SF:lib/weather/models/weather.dart
DA:9,6
DA:12,2
DA:13,4
DA:21,6
DA:23,1
DA:24,1
DA:26,2
DA:28,1
DA:29,2
DA:40,2
DA:47,1
DA:48,1
DA:50,1
DA:51,1
DA:52,1
DA:53,1
DA:54,1
DA:55,2
DA:59,6
DA:61,2
DA:66,1
DA:67,5
DA:69,2
DA:71,1
DA:77,1
DA:78,1
DA:79,1
DA:80,1
DA:81,0
LF:29
LH:28
end_of_record
SF:lib/weather/models/weather.g.dart
DA:9,2
DA:12,1
DA:13,1
DA:14,3
DA:20,1
DA:21,1
DA:22,1
DA:25,2
DA:28,1
DA:29,1
DA:30,1
DA:31,2
DA:32,1
DA:33,2
DA:34,2
DA:35,1
DA:36,2
DA:43,2
DA:44,2
DA:45,2
DA:46,1
DA:47,2
LF:22
LH:22
end_of_record
SF:lib/weather/view/weather_page.dart
DA:10,0
DA:12,0
DA:13,0
DA:14,0
DA:20,0
DA:22,0
DA:23,0
DA:25,0
DA:26,0
DA:28,0
DA:29,0
DA:30,0
DA:36,0
DA:37,0
DA:38,0
DA:39,0
DA:40,0
DA:43,0
DA:44,0
DA:45,0
DA:47,0
DA:49,0
DA:50,0
DA:51,0
DA:52,0
DA:53,0
DA:54,0
DA:64,0
DA:66,0
DA:67,0
DA:68,0
LF:31
LH:0
end_of_record
SF:lib/weather/widgets/weather_empty.dart
DA:4,5
DA:6,0
DA:8,0
DA:9,0
DA:12,0
DA:14,0
DA:16,0
LF:7
LH:1
end_of_record
SF:lib/weather/widgets/weather_error.dart
DA:4,5
DA:6,0
DA:8,0
DA:9,0
DA:12,0
DA:14,0
DA:16,0
LF:7
LH:1
end_of_record
SF:lib/weather/widgets/weather_loading.dart
DA:4,5
DA:6,0
DA:8,0
DA:9,0
DA:12,0
DA:14,0
DA:16,0
LF:7
LH:1
end_of_record
SF:lib/weather/widgets/weather_populated.dart
DA:10,0
DA:15,0
DA:17,0
DA:19,0
DA:20,0
DA:21,0
DA:22,0
DA:23,0
DA:24,0
DA:25,0
DA:28,0
DA:29,0
DA:31,0
DA:33,0
DA:34,0
DA:35,0
DA:36,0
DA:40,0
DA:41,0
DA:42,0
DA:46,0
DA:47,0
DA:63,0
DA:67,0
DA:69,0
DA:70,0
DA:77,0
DA:79,0
DA:81,0
DA:83,0
DA:85,0
DA:95,0
DA:97,0
DA:98,0
DA:99,0
DA:100,0
DA:103,0
DA:104,0
DA:106,0
DA:107,0
DA:108,0
DA:117,0
DA:118,0
DA:119,0
DA:120,0
DA:121,0
DA:122,0
DA:123,0
DA:124,0
DA:130,0
DA:131,0
LF:51
LH:0
end_of_record
